Car_DV.android_mv031/app/build/outputs/logs/manifest-merger-release-report.txt
-- Merging decision tree log ---
manifest
ADDED from src\main\AndroidManifest.xml:2:1-105:12
	xmlns:android
		ADDED from src\main\AndroidManifest.xml:2:11-69
	package
		ADDED from src\main\AndroidManifest.xml:3:5-39
		INJECTED from src\main\AndroidManifest.xml
		INJECTED from src\main\AndroidManifest.xml
	android:versionName
		ADDED from src\main\AndroidManifest.xml:5:5-32
	android:versionCode
		ADDED from src\main\AndroidManifest.xml:4:5-29
		INJECTED from src\main\AndroidManifest.xml
		INJECTED from src\main\AndroidManifest.xml
uses-sdk
ADDED from src\main\AndroidManifest.xml:8:5-10:41
MERGED from [com.android.support:support-v4:20.0.0] AndroidManifest.xml:16:5-42
	android:targetSdkVersion
		ADDED from src\main\AndroidManifest.xml:10:9-38
		INJECTED from src\main\AndroidManifest.xml
		INJECTED from src\main\AndroidManifest.xml
	android:minSdkVersion
		ADDED from src\main\AndroidManifest.xml:9:9-35
		INJECTED from src\main\AndroidManifest.xml
		INJECTED from src\main\AndroidManifest.xml
uses-permission#android.permission.INTERNET
ADDED from src\main\AndroidManifest.xml:12:5-67
	android:name
		ADDED from src\main\AndroidManifest.xml:12:22-64
uses-permission#android.permission.ACCESS_WIFI_STATE
ADDED from src\main\AndroidManifest.xml:13:5-76
	android:name
		ADDED from src\main\AndroidManifest.xml:13:22-73
uses-permission#android.permission.CHANGE_WIFI_MULTICAST_STATE
ADDED from src\main\AndroidManifest.xml:14:5-86
	android:name
		ADDED from src\main\AndroidManifest.xml:14:22-83
uses-permission#android.permission.ACCESS_NETWORK_STATE
ADDED from src\main\AndroidManifest.xml:15:5-79
	android:name
		ADDED from src\main\AndroidManifest.xml:15:22-76
uses-permission#android.permission.WRITE_EXTERNAL_STORAGE
ADDED from src\main\AndroidManifest.xml:16:5-81
	android:name
		ADDED from src\main\AndroidManifest.xml:16:22-78
uses-permission#android.permission.WRITE_SETTINGS
ADDED from src\main\AndroidManifest.xml:17:5-73
	android:name
		ADDED from src\main\AndroidManifest.xml:17:22-70
uses-permission#android.permission.WAKE_LOCK
ADDED from src\main\AndroidManifest.xml:18:5-68
	android:name
		ADDED from src\main\AndroidManifest.xml:18:22-65
uses-permission#android.permission.CHANGE_NETWORK_STATE
ADDED from src\main\AndroidManifest.xml:19:5-79
	android:name
		ADDED from src\main\AndroidManifest.xml:19:22-76
uses-permission#android.permission.CHANGE_WIFI_STATE
ADDED from src\main\AndroidManifest.xml:20:5-76
	android:name
		ADDED from src\main\AndroidManifest.xml:20:22-73
supports-screens
ADDED from src\main\AndroidManifest.xml:22:5-26:39
	android:largeScreens
		ADDED from src\main\AndroidManifest.xml:24:9-36
	android:anyDensity
		ADDED from src\main\AndroidManifest.xml:23:9-34
	android:normalScreens
		ADDED from src\main\AndroidManifest.xml:25:9-37
	android:smallScreens
		ADDED from src\main\AndroidManifest.xml:26:9-36
android:uses-permission#android.permission.READ_PHONE_STATE
ADDED from src\main\AndroidManifest.xml:28:5-83
	android:name
		ADDED from src\main\AndroidManifest.xml:28:30-80
android:uses-permission#android.permission.READ_EXTERNAL_STORAGE
ADDED from src\main\AndroidManifest.xml:29:5-88
	android:name
		ADDED from src\main\AndroidManifest.xml:29:30-85
application
ADDED from src\main\AndroidManifest.xml:31:5-103:19
MERGED from [com.android.support:support-v4:20.0.0] AndroidManifest.xml:17:5-19
	android:label
		ADDED from src\main\AndroidManifest.xml:35:9-41
	android:allowBackup
		ADDED from src\main\AndroidManifest.xml:33:9-35
	android:icon
		ADDED from src\main\AndroidManifest.xml:34:9-42
	android:theme
		ADDED from src\main\AndroidManifest.xml:36:9-56
	android:name
		ADDED from src\main\AndroidManifest.xml:32:9-55
activity#tw.com.a_i_t.IPCamViewer.ViewPagerDemoActivity
ADDED from src\main\AndroidManifest.xml:46:9-56:20
	android:screenOrientation
		ADDED from src\main\AndroidManifest.xml:51:13-49
	android:noHistory
		ADDED from src\main\AndroidManifest.xml:50:13-37
	android:label
		ADDED from src\main\AndroidManifest.xml:49:13-45
	android:configChanges
		ADDED from src\main\AndroidManifest.xml:48:13-63
	android:name
		ADDED from src\main\AndroidManifest.xml:47:13-50
intent-filter#android.intent.action.MAIN+android.intent.category.LAUNCHER
ADDED from src\main\AndroidManifest.xml:52:13-55:29
action#android.intent.action.MAIN
ADDED from src\main\AndroidManifest.xml:53:17-69
	android:name
		ADDED from src\main\AndroidManifest.xml:53:25-66
category#android.intent.category.LAUNCHER
ADDED from src\main\AndroidManifest.xml:54:17-77
	android:name
		ADDED from src\main\AndroidManifest.xml:54:27-74
activity#tw.com.a_i_t.IPCamViewer.MainActivity
ADDED from src\main\AndroidManifest.xml:57:9-62:20
	android:screenOrientation
		ADDED from src\main\AndroidManifest.xml:61:13-49
	android:label
		ADDED from src\main\AndroidManifest.xml:60:13-45
	android:configChanges
		ADDED from src\main\AndroidManifest.xml:59:13-63
	android:name
		ADDED from src\main\AndroidManifest.xml:58:13-41
activity#tw.com.a_i_t.IPCamViewer.FileBrowser.VideoPlayerActivity
ADDED from src\main\AndroidManifest.xml:63:9-93:20
	android:label
		ADDED from src\main\AndroidManifest.xml:65:13-45
	android:name
		ADDED from src\main\AndroidManifest.xml:64:13-60
intent-filter#android.intent.action.VIEW+android.intent.category.BROWSABLE+android.intent.category.DEFAULT
ADDED from src\main\AndroidManifest.xml:66:13-77:29
action#android.intent.action.VIEW
ADDED from src\main\AndroidManifest.xml:67:17-69
	android:name
		ADDED from src\main\AndroidManifest.xml:67:25-66
category#android.intent.category.DEFAULT
ADDED from src\main\AndroidManifest.xml:69:17-76
	android:name
		ADDED from src\main\AndroidManifest.xml:69:27-73
category#android.intent.category.BROWSABLE
ADDED from src\main\AndroidManifest.xml:70:17-78
	android:name
		ADDED from src\main\AndroidManifest.xml:70:27-75
data
ADDED from src\main\AndroidManifest.xml:72:17-43
	android:scheme
		ADDED from src\main\AndroidManifest.xml:72:23-40
activity#tw.com.a_i_t.IPCamViewer.LocalFileListActivity
ADDED from src\main\AndroidManifest.xml:94:9-102:20
	android:label
		ADDED from src\main\AndroidManifest.xml:96:13-45
	android:name
		ADDED from src\main\AndroidManifest.xml:95:13-50
intent-filter#android.intent.action.MAIN
ADDED from src\main\AndroidManifest.xml:97:13-101:29